::1 - - [07/Aug/2022:08:47:25 +0000] "POST /users/new HTTP/1.1" 200 121 "-" "PostmanRuntime/7.29.2"
::1 - - [07/Aug/2022:08:57:35 +0000] "POST /users/new HTTP/1.1" 200 121 "-" "PostmanRuntime/7.29.2"
::1 - - [07/Aug/2022:08:57:47 +0000] "POST /users/new HTTP/1.1" 200 121 "-" "PostmanRuntime/7.29.2"
::1 - - [07/Aug/2022:08:58:22 +0000] "POST /users/new HTTP/1.1" 200 149 "-" "PostmanRuntime/7.29.2"
::1 - - [07/Aug/2022:08:59:37 +0000] "POST /users/new HTTP/1.1" 200 169 "-" "PostmanRuntime/7.29.2"
::1 - - [07/Aug/2022:09:09:49 +0000] "POST /users/new HTTP/1.1" 200 169 "-" "PostmanRuntime/7.29.2"
::1 - - [07/Aug/2022:09:11:06 +0000] "POST /users/new HTTP/1.1" 200 169 "-" "PostmanRuntime/7.29.2"
::1 - - [07/Aug/2022:09:11:09 +0000] "POST /users/new HTTP/1.1" 200 169 "-" "PostmanRuntime/7.29.2"
::1 - - [07/Aug/2022:09:13:56 +0000] "POST /users/new HTTP/1.1" 200 169 "-" "PostmanRuntime/7.29.2"
::1 - - [07/Aug/2022:09:14:24 +0000] "POST /users/new HTTP/1.1" 200 169 "-" "PostmanRuntime/7.29.2"
::1 - - [07/Aug/2022:09:14:45 +0000] "POST /users/new HTTP/1.1" 200 169 "-" "PostmanRuntime/7.29.2"
::1 - - [07/Aug/2022:09:18:45 +0000] "POST /users/new HTTP/1.1" 200 169 "-" "PostmanRuntime/7.29.2"
::1 - - [07/Aug/2022:09:19:12 +0000] "POST /users/new HTTP/1.1" 200 169 "-" "PostmanRuntime/7.29.2"
::1 - - [07/Aug/2022:09:19:24 +0000] "POST /users/new HTTP/1.1" 200 168 "-" "PostmanRuntime/7.29.2"
::1 - - [07/Aug/2022:09:20:16 +0000] "POST /users/new HTTP/1.1" 401 31 "-" "PostmanRuntime/7.29.2"
::1 - - [07/Aug/2022:09:20:28 +0000] "POST /users/new HTTP/1.1" 403 31 "-" "PostmanRuntime/7.29.2"
::1 - - [07/Aug/2022:09:20:39 +0000] "POST /users/new HTTP/1.1" 409 31 "-" "PostmanRuntime/7.29.2"
::1 - - [07/Aug/2022:09:22:29 +0000] "POST /users/new HTTP/1.1" 409 31 "-" "PostmanRuntime/7.29.2"
::1 - - [07/Aug/2022:09:22:45 +0000] "POST /users/new HTTP/1.1" 409 48 "-" "PostmanRuntime/7.29.2"
::1 - - [07/Aug/2022:09:23:30 +0000] "POST /users/new HTTP/1.1" 409 172 "-" "PostmanRuntime/7.29.2"
::1 - - [07/Aug/2022:09:24:20 +0000] "POST /users/new HTTP/1.1" 200 171 "-" "PostmanRuntime/7.29.2"
::1 - - [07/Aug/2022:09:28:33 +0000] "POST /users/new HTTP/1.1" 409 31 "-" "PostmanRuntime/7.29.2"
::1 - - [07/Aug/2022:09:29:26 +0000] "POST /users/new HTTP/1.1" 409 31 "-" "PostmanRuntime/7.29.2"
::1 - - [07/Aug/2022:09:29:42 +0000] "POST /users/new HTTP/1.1" 409 31 "-" "PostmanRuntime/7.29.2"
::1 - - [07/Aug/2022:09:29:58 +0000] "POST /users/new HTTP/1.1" 409 82 "-" "PostmanRuntime/7.29.2"
::1 - - [07/Aug/2022:09:30:08 +0000] "POST /users/new HTTP/1.1" 409 90 "-" "PostmanRuntime/7.29.2"
::1 - - [07/Aug/2022:09:30:12 +0000] "POST /users/new HTTP/1.1" 409 150 "-" "PostmanRuntime/7.29.2"
::1 - - [07/Aug/2022:09:30:20 +0000] "POST /users/new HTTP/1.1" 409 31 "-" "PostmanRuntime/7.29.2"
::1 - - [07/Aug/2022:09:30:31 +0000] "POST /users/new HTTP/1.1" 409 82 "-" "PostmanRuntime/7.29.2"
::1 - - [07/Aug/2022:09:30:36 +0000] "POST /users/new HTTP/1.1" 409 31 "-" "PostmanRuntime/7.29.2"
::1 - - [07/Aug/2022:09:49:03 +0000] "POST /tickets/new HTTP/1.1" 200 2 "-" "PostmanRuntime/7.29.2"
::1 - - [07/Aug/2022:09:51:55 +0000] "POST /tickets/new HTTP/1.1" 200 6 "-" "PostmanRuntime/7.29.2"
::1 - - [07/Aug/2022:10:08:28 +0000] "POST /tickets/new HTTP/1.1" 200 4 "-" "PostmanRuntime/7.29.2"
::1 - - [07/Aug/2022:10:08:48 +0000] "POST /tickets/new HTTP/1.1" 200 4 "-" "PostmanRuntime/7.29.2"
::1 - - [07/Aug/2022:10:09:15 +0000] "POST /tickets/new HTTP/1.1" 200 4 "-" "PostmanRuntime/7.29.2"
::1 - - [07/Aug/2022:10:10:06 +0000] "POST /tickets/new HTTP/1.1" 200 4 "-" "PostmanRuntime/7.29.2"
::1 - - [07/Aug/2022:10:11:23 +0000] "POST /tickets/new HTTP/1.1" 200 33 "-" "PostmanRuntime/7.29.2"
::1 - - [07/Aug/2022:10:15:59 +0000] "GET /ticket/id HTTP/1.1" 200 3 "-" "PostmanRuntime/7.29.2"
::1 - - [07/Aug/2022:10:16:12 +0000] "GET /ticket/id HTTP/1.1" 200 3 "-" "PostmanRuntime/7.29.2"
::1 - - [07/Aug/2022:10:16:46 +0000] "GET /ticket/id HTTP/1.1" 200 3 "-" "PostmanRuntime/7.29.2"
::1 - - [07/Aug/2022:10:17:20 +0000] "GET /ticket/?status=open HTTP/1.1" 404 146 "-" "PostmanRuntime/7.29.2"
::1 - - [07/Aug/2022:10:18:56 +0000] "GET /ticket/?status=open HTTP/1.1" 200 3 "-" "PostmanRuntime/7.29.2"
::1 - - [07/Aug/2022:10:19:05 +0000] "GET /ticket/?status=open HTTP/1.1" 200 3 "-" "PostmanRuntime/7.29.2"
::1 - - [07/Aug/2022:10:19:23 +0000] "GET /ticket/?status=open HTTP/1.1" 404 146 "-" "PostmanRuntime/7.29.2"
::1 - - [07/Aug/2022:10:19:36 +0000] "GET /ticket/?status=open HTTP/1.1" 404 146 "-" "PostmanRuntime/7.29.2"
::1 - - [07/Aug/2022:10:19:38 +0000] "GET /ticket/?status=open HTTP/1.1" 404 146 "-" "PostmanRuntime/7.29.2"
::1 - - [07/Aug/2022:10:19:43 +0000] "GET /ticket/param HTTP/1.1" 200 3 "-" "PostmanRuntime/7.29.2"
::1 - - [07/Aug/2022:10:19:50 +0000] "GET /ticket/param HTTP/1.1" 200 3 "-" "PostmanRuntime/7.29.2"
::1 - - [07/Aug/2022:10:20:01 +0000] "GET /ticket/param HTTP/1.1" 200 3 "-" "PostmanRuntime/7.29.2"
::1 - - [07/Aug/2022:10:20:10 +0000] "GET /ticket/?status=open HTTP/1.1" 404 146 "-" "PostmanRuntime/7.29.2"
::1 - - [07/Aug/2022:10:21:23 +0000] "GET /ticket/?status=open HTTP/1.1" 404 146 "-" "PostmanRuntime/7.29.2"
::1 - - [07/Aug/2022:10:21:27 +0000] "GET /ticket/status=open HTTP/1.1" 200 3 "-" "PostmanRuntime/7.29.2"
::1 - - [07/Aug/2022:10:21:34 +0000] "GET /ticket/status=open HTTP/1.1" 200 3 "-" "PostmanRuntime/7.29.2"
::1 - - [07/Aug/2022:10:22:51 +0000] "GET /ticket HTTP/1.1" 200 3 "-" "PostmanRuntime/7.29.2"
::1 - - [07/Aug/2022:10:22:55 +0000] "GET /ticket/ HTTP/1.1" 200 3 "-" "PostmanRuntime/7.29.2"
::1 - - [07/Aug/2022:10:22:58 +0000] "GET /ticket/all HTTP/1.1" 200 3 "-" "PostmanRuntime/7.29.2"
::1 - - [07/Aug/2022:10:23:08 +0000] "GET /ticket/?status=open HTTP/1.1" 200 3 "-" "PostmanRuntime/7.29.2"
::1 - - [07/Aug/2022:10:23:15 +0000] "GET /ticket/?status=open HTTP/1.1" 200 3 "-" "PostmanRuntime/7.29.2"
::1 - - [07/Aug/2022:10:23:25 +0000] "GET /ticket/?status=open HTTP/1.1" 200 3 "-" "PostmanRuntime/7.29.2"
::1 - - [07/Aug/2022:10:24:03 +0000] "GET /ticket/?status=open HTTP/1.1" 200 3 "-" "PostmanRuntime/7.29.2"
::1 - - [07/Aug/2022:10:24:22 +0000] "GET /ticket/?status=open HTTP/1.1" 200 3 "-" "PostmanRuntime/7.29.2"
::1 - - [07/Aug/2022:10:24:30 +0000] "GET /ticket/?status=open HTTP/1.1" 200 3 "-" "PostmanRuntime/7.29.2"
::1 - - [07/Aug/2022:10:24:35 +0000] "GET /ticket/?status=open HTTP/1.1" 200 3 "-" "PostmanRuntime/7.29.2"
::1 - - [07/Aug/2022:10:25:50 +0000] "GET /ticket/?status=open HTTP/1.1" - - "-" "PostmanRuntime/7.29.2"
::1 - - [07/Aug/2022:10:25:59 +0000] "GET /ticket/?status=open HTTP/1.1" - - "-" "PostmanRuntime/7.29.2"
::1 - - [07/Aug/2022:10:27:20 +0000] "GET /ticket/?status=open HTTP/1.1" - - "-" "PostmanRuntime/7.29.2"
::1 - - [07/Aug/2022:10:28:07 +0000] "GET /ticket/all HTTP/1.1" - - "-" "PostmanRuntime/7.29.2"
::1 - - [07/Aug/2022:10:30:24 +0000] "GET /ticket/all HTTP/1.1" - - "-" "PostmanRuntime/7.29.2"
::1 - - [07/Aug/2022:10:30:47 +0000] "GET /ticket/all HTTP/1.1" - - "-" "PostmanRuntime/7.29.2"
::1 - - [07/Aug/2022:10:31:59 +0000] "GET /tickets/all HTTP/1.1" 200 2 "-" "PostmanRuntime/7.29.2"
::1 - - [07/Aug/2022:10:32:52 +0000] "GET /tickets/all HTTP/1.1" 200 1471 "-" "PostmanRuntime/7.29.2"
::1 - - [07/Aug/2022:10:36:51 +0000] "GET /tickets/?status=open HTTP/1.1" 404 147 "-" "PostmanRuntime/7.29.2"
::1 - - [07/Aug/2022:10:37:11 +0000] "GET /tickets/?status=open HTTP/1.1" 200 1471 "-" "PostmanRuntime/7.29.2"
::1 - - [07/Aug/2022:10:38:07 +0000] "GET /tickets/?status=close HTTP/1.1" 404 43 "-" "PostmanRuntime/7.29.2"
::1 - - [07/Aug/2022:10:40:08 +0000] "GET /tickets/?title=%22test%20title2%22 HTTP/1.1" 404 43 "-" "PostmanRuntime/7.29.2"
::1 - - [07/Aug/2022:10:40:28 +0000] "GET /tickets/?title=test%20title2 HTTP/1.1" 200 223 "-" "PostmanRuntime/7.29.2"
::1 - - [07/Aug/2022:10:41:11 +0000] "GET /tickets/?title=test%20title2&status=open HTTP/1.1" 200 1471 "-" "PostmanRuntime/7.29.2"
::1 - - [07/Aug/2022:10:42:20 +0000] "GET /tickets/?priority=low HTTP/1.1" 200 1471 "-" "PostmanRuntime/7.29.2"
::1 - - [07/Aug/2022:10:44:58 +0000] "GET /tickets/ HTTP/1.1" 401 27 "-" "PostmanRuntime/7.29.2"
::1 - - [07/Aug/2022:10:45:04 +0000] "GET /tickets/?gg=oo HTTP/1.1" 401 27 "-" "PostmanRuntime/7.29.2"
::1 - - [07/Aug/2022:10:45:09 +0000] "GET /tickets/?title=test%20title2 HTTP/1.1" 200 223 "-" "PostmanRuntime/7.29.2"
::1 - - [07/Aug/2022:10:45:29 +0000] "GET /tickets/?title=test%20title2&status=open HTTP/1.1" 200 1471 "-" "PostmanRuntime/7.29.2"
::1 - - [07/Aug/2022:10:46:23 +0000] "GET /tickets/all HTTP/1.1" 200 1471 "-" "PostmanRuntime/7.29.2"
::1 - - [07/Aug/2022:10:48:21 +0000] "GET /tickets/all?status=openl HTTP/1.1" 200 1471 "-" "PostmanRuntime/7.29.2"
::1 - - [07/Aug/2022:10:48:27 +0000] "GET /tickets/?status=openl HTTP/1.1" 401 30 "-" "PostmanRuntime/7.29.2"
::1 - - [07/Aug/2022:10:48:40 +0000] "GET /tickets/?status=openl HTTP/1.1" 401 61 "-" "PostmanRuntime/7.29.2"
::1 - - [07/Aug/2022:10:48:49 +0000] "GET /tickets/?status=openl HTTP/1.1" 401 61 "-" "PostmanRuntime/7.29.2"
::1 - - [07/Aug/2022:10:48:56 +0000] "GET /tickets/?status=openl HTTP/1.1" 401 60 "-" "PostmanRuntime/7.29.2"
::1 - - [07/Aug/2022:10:50:41 +0000] "GET /tickets/?priority=lowo HTTP/1.1" 401 66 "-" "PostmanRuntime/7.29.2"
::1 - - [07/Aug/2022:10:50:44 +0000] "GET /tickets/?priority=low HTTP/1.1" 200 1471 "-" "PostmanRuntime/7.29.2"
::1 - - [07/Aug/2022:10:50:48 +0000] "GET /tickets/?priority=medium HTTP/1.1" 404 43 "-" "PostmanRuntime/7.29.2"
::1 - - [07/Aug/2022:10:52:28 +0000] "GET /tickets/?status=open HTTP/1.1" 200 1471 "-" "PostmanRuntime/7.29.2"
::1 - - [07/Aug/2022:10:54:45 +0000] "GET /tickets/?status=open HTTP/1.1" 401 100 "-" "PostmanRuntime/7.29.2"
::1 - - [07/Aug/2022:10:54:51 +0000] "GET /tickets/?status=open HTTP/1.1" 200 1471 "-" "PostmanRuntime/7.29.2"
